<?xml version="1.0" encoding="UTF-8"?>
<!-- Generated by org.testng.reporters.JUnitXMLReporter -->
<testsuite ignored="0" hostname="Anantas-Macbook-Codal.local" failures="0" tests="9" name="Surefire test" time="58.066" errors="0" timestamp="2019-08-21T14:47:16 CDT">
  <testcase classname="Fidelity.AppTest" name="testApp" time="0.007"/>
  <testcase classname="Fidelity.PensionsTest" name="login" time="5.43"/>
  <testcase classname="Fidelity.PensionsTest" name="validateincomeoptions" time="1.837"/>
  <testcase classname="Fidelity.sharesTest" name="login" time="5.164"/>
  <testcase classname="Fidelity.sharesTest" name="validatesharespage" time="10.497"/>
  <testcase classname="Fidelity.loginTest" name="login" time="8.116"/>
  <testcase classname="Fidelity.loginTest" name="registration" time="9.687"/>
  <testcase classname="Fidelity.HelpandSupportTest" name="login" time="14.223"/>
  <testcase classname="Fidelity.HelpandSupportTest" name="validatehelpandSupport" time="2.516"/>
</testsuite> <!-- Surefire test -->
