<?xml version="1.0" encoding="UTF-8"?>
<!-- Generated by org.testng.reporters.JUnitXMLReporter -->
<testsuite ignored="0" hostname="Anantas-Macbook-Codal.local" failures="0" tests="9" name="Test" time="53.064" errors="0" timestamp="21 Aug 2019 19:02:02 GMT">
  <testcase classname="Fidelity.AppTest" name="testApp" time="0.009"/>
  <testcase classname="Fidelity.PensionsTest" name="login" time="5.558"/>
  <testcase classname="Fidelity.PensionsTest" name="validateincomeoptions" time="7.938"/>
  <testcase classname="Fidelity.sharesTest" name="login" time="4.685"/>
  <testcase classname="Fidelity.sharesTest" name="validatesharespage" time="4.228"/>
  <testcase classname="Fidelity.HelpandSupportTest" name="login" time="9.206"/>
  <testcase classname="Fidelity.HelpandSupportTest" name="validatehelpandSupport" time="2.488"/>
  <testcase classname="Fidelity.loginTest" name="login" time="8.991"/>
  <testcase classname="Fidelity.loginTest" name="registration" time="9.929"/>
</testsuite> <!-- Test -->
