<?xml version="1.0" encoding="UTF-8"?>
<testsuite xmlns:xsi="http://www.w3.org/2001/XMLSchema-instance" xsi:noNamespaceSchemaLocation="https://maven.apache.org/surefire/maven-surefire-plugin/xsd/surefire-test-report-3.0.xsd" version="3.0" name="TestSuite" time="58.481" tests="9" errors="0" skipped="0" failures="0">
  <properties>
[...]
</properties>
  <testcase name="testApp" classname="Fidelity.AppTest" time="0.006"/>
  <testcase name="login" classname="Fidelity.PensionsTest" time="5.431"/>
  <testcase name="validateincomeoptions" classname="Fidelity.PensionsTest" time="1.837"/>
  <testcase name="login" classname="Fidelity.sharesTest" time="5.165"/>
  <testcase name="validatesharespage" classname="Fidelity.sharesTest" time="10.497"/>
  <testcase name="login" classname="Fidelity.loginTest" time="8.116"/>
  <testcase name="registration" classname="Fidelity.loginTest" time="9.687"/>
  <testcase name="login" classname="Fidelity.HelpandSupportTest" time="14.223"/>
  <testcase name="validatehelpandSupport" classname="Fidelity.HelpandSupportTest" time="2.516"/>
</testsuite>